Change Component Designator: OldDesignator=CA2 NewDesignator=CA11_1
Change Component Designator: OldDesignator=CA12 NewDesignator=CA1_1
Change Component Designator: OldDesignator=CA22 NewDesignator=CA21_1
Change Component Designator: OldDesignator=CBOT2 NewDesignator=CBOT1_1
Change Component Designator: OldDesignator=CG2 NewDesignator=CG1_1
Change Component Designator: OldDesignator=CRST2 NewDesignator=CRST1_1
Change Component Designator: OldDesignator=CTOP2 NewDesignator=CTOP1_1
Change Component Designator: OldDesignator=CVCC2 NewDesignator=CVCC1_1
Change Component Designator: OldDesignator=F12 NewDesignator=F11_1
Change Component Designator: OldDesignator=IC12 NewDesignator=IC11_1
Change Component Designator: OldDesignator=J22 NewDesignator=J21_1
Change Component Designator: OldDesignator=LED12 NewDesignator=LED11_1
Change Component Designator: OldDesignator=Programmer2 NewDesignator=Programmer1_1
Change Component Designator: OldDesignator=Q12 NewDesignator=Q11_1
Change Component Designator: OldDesignator=RA12 NewDesignator=RA11_1
Change Component Designator: OldDesignator=RA22 NewDesignator=RA21_1
Change Component Designator: OldDesignator=RBB2 NewDesignator=RBB1_1
Change Component Designator: OldDesignator=RBT2 NewDesignator=RBT1_1
Change Component Designator: OldDesignator=RDB2 NewDesignator=RDB1_1
Change Component Designator: OldDesignator=RDT2 NewDesignator=RDT1_1
Change Component Designator: OldDesignator=RFB2 NewDesignator=RFB1_1
Change Component Designator: OldDesignator=RFT2 NewDesignator=RFT1_1
Change Component Designator: OldDesignator=RG2 NewDesignator=RG1_1
Change Component Designator: OldDesignator=RL2 NewDesignator=RL1_1
Change Component Designator: OldDesignator=RLED2 NewDesignator=RLED1_1
Change Component Designator: OldDesignator=RPD2 NewDesignator=RPD1_1
Change Component Designator: OldDesignator=RVCC2 NewDesignator=RVCC1_1
Change Component Designator: OldDesignator=TB2 NewDesignator=TB1_1
Change Component Designator: OldDesignator=TT2 NewDesignator=TT1_1
