Replace Part C11 CAP in C:\Users\Tristan\Documents\GitHub\Modular-Battery-Management-System\Master-Module\Hardware\Master_PCB\Master_PCB_V1\Master_Schematik.SchDoc with CAP from BMS_Master.SchLib
Replace Part C21 ELKO in C:\Users\Tristan\Documents\GitHub\Modular-Battery-Management-System\Master-Module\Hardware\Master_PCB\Master_PCB_V1\Master_Schematik.SchDoc with ELKO from BMS_Master.SchLib
Replace Part C22 CAP in C:\Users\Tristan\Documents\GitHub\Modular-Battery-Management-System\Master-Module\Hardware\Master_PCB\Master_PCB_V1\Master_Schematik.SchDoc with CAP from BMS_Master.SchLib
Replace Part C23 CAP in C:\Users\Tristan\Documents\GitHub\Modular-Battery-Management-System\Master-Module\Hardware\Master_PCB\Master_PCB_V1\Master_Schematik.SchDoc with CAP from BMS_Master.SchLib
Replace Part C51 CAP in C:\Users\Tristan\Documents\GitHub\Modular-Battery-Management-System\Master-Module\Hardware\Master_PCB\Master_PCB_V1\Master_Schematik.SchDoc with CAP from BMS_Master.SchLib
Replace Part C52 CAP in C:\Users\Tristan\Documents\GitHub\Modular-Battery-Management-System\Master-Module\Hardware\Master_PCB\Master_PCB_V1\Master_Schematik.SchDoc with CAP from BMS_Master.SchLib
Replace Part C61 CAP in C:\Users\Tristan\Documents\GitHub\Modular-Battery-Management-System\Master-Module\Hardware\Master_PCB\Master_PCB_V1\Master_Schematik.SchDoc with CAP from BMS_Master.SchLib
Replace Part C62 CAP in C:\Users\Tristan\Documents\GitHub\Modular-Battery-Management-System\Master-Module\Hardware\Master_PCB\Master_PCB_V1\Master_Schematik.SchDoc with CAP from BMS_Master.SchLib
Replace Part C63 CAP in C:\Users\Tristan\Documents\GitHub\Modular-Battery-Management-System\Master-Module\Hardware\Master_PCB\Master_PCB_V1\Master_Schematik.SchDoc with CAP from BMS_Master.SchLib
Replace Part C64 CAP in C:\Users\Tristan\Documents\GitHub\Modular-Battery-Management-System\Master-Module\Hardware\Master_PCB\Master_PCB_V1\Master_Schematik.SchDoc with CAP from BMS_Master.SchLib
Replace Part C65 CAP in C:\Users\Tristan\Documents\GitHub\Modular-Battery-Management-System\Master-Module\Hardware\Master_PCB\Master_PCB_V1\Master_Schematik.SchDoc with CAP from BMS_Master.SchLib
Replace Part C71 CAP in C:\Users\Tristan\Documents\GitHub\Modular-Battery-Management-System\Master-Module\Hardware\Master_PCB\Master_PCB_V1\Master_Schematik.SchDoc with CAP from BMS_Master.SchLib
Replace Part C81 CAP in C:\Users\Tristan\Documents\GitHub\Modular-Battery-Management-System\Master-Module\Hardware\Master_PCB\Master_PCB_V1\Master_Schematik.SchDoc with CAP from BMS_Master.SchLib
Replace Part CON_CAN 2060-452_998-404 in C:\Users\Tristan\Documents\GitHub\Modular-Battery-Management-System\Master-Module\Hardware\Master_PCB\Master_PCB_V1\Master_Schematik.SchDoc with 2060-452_998-404 from BMS_Master.SchLib
Replace Part C42 ELKO in C:\Users\Tristan\Documents\GitHub\Modular-Battery-Management-System\Master-Module\Hardware\Master_PCB\Master_PCB_V1\Master_Schematik.SchDoc with ELKO from BMS_Master.SchLib
Replace Part D31 ES1D-E3_61T in C:\Users\Tristan\Documents\GitHub\Modular-Battery-Management-System\Master-Module\Hardware\Master_PCB\Master_PCB_V1\Master_Schematik.SchDoc with ES1D-E3_61T from BMS_Master.SchLib
Replace Part 21 MC33269D-5.0G in C:\Users\Tristan\Documents\GitHub\Modular-Battery-Management-System\Master-Module\Hardware\Master_PCB\Master_PCB_V1\Master_Schematik.SchDoc with MC33269D-5.0G from BMS_Master.SchLib
Replace Part MAX232 MAX232IDWR in C:\Users\Tristan\Documents\GitHub\Modular-Battery-Management-System\Master-Module\Hardware\Master_PCB\Master_PCB_V1\Master_Schematik.SchDoc with MAX232IDWR from BMS_Master.SchLib
Replace Part Micro-USB 10118192-0002LF in C:\Users\Tristan\Documents\GitHub\Modular-Battery-Management-System\Master-Module\Hardware\Master_PCB\Master_PCB_V1\Master_Schematik.SchDoc with 10118192-0002LF from BMS_Master.SchLib
Replace Part OC11 FODM121GR4 in C:\Users\Tristan\Documents\GitHub\Modular-Battery-Management-System\Master-Module\Hardware\Master_PCB\Master_PCB_V1\Master_Schematik.SchDoc with FODM121GR4 from BMS_Master.SchLib
Replace Part OC12 FODM121GR4 in C:\Users\Tristan\Documents\GitHub\Modular-Battery-Management-System\Master-Module\Hardware\Master_PCB\Master_PCB_V1\Master_Schematik.SchDoc with FODM121GR4 from BMS_Master.SchLib
Replace Part OC21 FODM121GR4 in C:\Users\Tristan\Documents\GitHub\Modular-Battery-Management-System\Master-Module\Hardware\Master_PCB\Master_PCB_V1\Master_Schematik.SchDoc with FODM121GR4 from BMS_Master.SchLib
Replace Part OC22 FODM121GR4 in C:\Users\Tristan\Documents\GitHub\Modular-Battery-Management-System\Master-Module\Hardware\Master_PCB\Master_PCB_V1\Master_Schematik.SchDoc with FODM121GR4 from BMS_Master.SchLib
Replace Part Q31 XP234N0801TR-G in C:\Users\Tristan\Documents\GitHub\Modular-Battery-Management-System\Master-Module\Hardware\Master_PCB\Master_PCB_V1\Master_Schematik.SchDoc with XP234N0801TR-G from BMS_Master.SchLib
Replace Part R11 RES in C:\Users\Tristan\Documents\GitHub\Modular-Battery-Management-System\Master-Module\Hardware\Master_PCB\Master_PCB_V1\Master_Schematik.SchDoc with RES from BMS_Master.SchLib
Replace Part R12 RES in C:\Users\Tristan\Documents\GitHub\Modular-Battery-Management-System\Master-Module\Hardware\Master_PCB\Master_PCB_V1\Master_Schematik.SchDoc with RES from BMS_Master.SchLib
Replace Part R13 RES in C:\Users\Tristan\Documents\GitHub\Modular-Battery-Management-System\Master-Module\Hardware\Master_PCB\Master_PCB_V1\Master_Schematik.SchDoc with RES from BMS_Master.SchLib
Replace Part R14 RES in C:\Users\Tristan\Documents\GitHub\Modular-Battery-Management-System\Master-Module\Hardware\Master_PCB\Master_PCB_V1\Master_Schematik.SchDoc with RES from BMS_Master.SchLib
Replace Part R31 RES in C:\Users\Tristan\Documents\GitHub\Modular-Battery-Management-System\Master-Module\Hardware\Master_PCB\Master_PCB_V1\Master_Schematik.SchDoc with RES from BMS_Master.SchLib
Replace Part R41 RES in C:\Users\Tristan\Documents\GitHub\Modular-Battery-Management-System\Master-Module\Hardware\Master_PCB\Master_PCB_V1\Master_Schematik.SchDoc with RES from BMS_Master.SchLib
Replace Part R42 RES in C:\Users\Tristan\Documents\GitHub\Modular-Battery-Management-System\Master-Module\Hardware\Master_PCB\Master_PCB_V1\Master_Schematik.SchDoc with RES from BMS_Master.SchLib
Replace Part R71 RES in C:\Users\Tristan\Documents\GitHub\Modular-Battery-Management-System\Master-Module\Hardware\Master_PCB\Master_PCB_V1\Master_Schematik.SchDoc with RES from BMS_Master.SchLib
Replace Part R72 RES in C:\Users\Tristan\Documents\GitHub\Modular-Battery-Management-System\Master-Module\Hardware\Master_PCB\Master_PCB_V1\Master_Schematik.SchDoc with RES from BMS_Master.SchLib
Replace Part R73 RES in C:\Users\Tristan\Documents\GitHub\Modular-Battery-Management-System\Master-Module\Hardware\Master_PCB\Master_PCB_V1\Master_Schematik.SchDoc with RES from BMS_Master.SchLib
Replace Part R74 RES in C:\Users\Tristan\Documents\GitHub\Modular-Battery-Management-System\Master-Module\Hardware\Master_PCB\Master_PCB_V1\Master_Schematik.SchDoc with RES from BMS_Master.SchLib
Replace Part R81 RES in C:\Users\Tristan\Documents\GitHub\Modular-Battery-Management-System\Master-Module\Hardware\Master_PCB\Master_PCB_V1\Master_Schematik.SchDoc with RES from BMS_Master.SchLib
Replace Part R82 RES in C:\Users\Tristan\Documents\GitHub\Modular-Battery-Management-System\Master-Module\Hardware\Master_PCB\Master_PCB_V1\Master_Schematik.SchDoc with RES from BMS_Master.SchLib
Replace Part Relais JS1A-12V-F in C:\Users\Tristan\Documents\GitHub\Modular-Battery-Management-System\Master-Module\Hardware\Master_PCB\Master_PCB_V1\Master_Schematik.SchDoc with JS1A-12V-F from BMS_Master.SchLib
Replace Part CON_RS232 2060-452_998-404 in C:\Users\Tristan\Documents\GitHub\Modular-Battery-Management-System\Master-Module\Hardware\Master_PCB\Master_PCB_V1\Master_Schematik.SchDoc with 2060-452_998-404 from BMS_Master.SchLib
Replace Part SSR S202S02F in C:\Users\Tristan\Documents\GitHub\Modular-Battery-Management-System\Master-Module\Hardware\Master_PCB\Master_PCB_V1\Master_Schematik.SchDoc with S202S02F from BMS_Master.SchLib
Replace Part uC ATMEGA32U4RC-AU in C:\Users\Tristan\Documents\GitHub\Modular-Battery-Management-System\Master-Module\Hardware\Master_PCB\Master_PCB_V1\Master_Schematik.SchDoc with ATMEGA32U4RC-AU from BMS_Master.SchLib
Replace Part C41 CAP in C:\Users\Tristan\Documents\GitHub\Modular-Battery-Management-System\Master-Module\Hardware\Master_PCB\Master_PCB_V1\Master_Schematik.SchDoc with CAP from BMS_Master.SchLib
Replace Part Y51 ABLS-8.000MHZ-B2-T in C:\Users\Tristan\Documents\GitHub\Modular-Battery-Management-System\Master-Module\Hardware\Master_PCB\Master_PCB_V1\Master_Schematik.SchDoc with ABLS-8.000MHZ-B2-T from BMS_Master.SchLib
