Added Component: Designator=*(CAPC1608X90N)
Added Component: Designator=*(CAPC1608X90N)
Added Component: Designator=*(CAPAE530X550N)
Added Component: Designator=*(CAPC1608X90N)
Added Component: Designator=C1(CAPC1608X90N)
Added Component: Designator=C2(CAPC1608X90N)
Added Component: Designator=C3(CAPC1608X90N)
Added Component: Designator=C4(CAPC1608X90N)
Added Component: Designator=C5(CAPC1608X90N)
Added Component: Designator=IC1(SOIC127P1030X265-16N)
Add component (AddParameter): Name = "Arrow Part Number"; Value = "MAX232IDWR"; VariantName = "[No Variations]"
Add component (AddParameter): Name = "Arrow Price/Stock"; Value = "https://www.arrow.com/en/products/max232idwr/texas-instruments?region=nac"; VariantName = "[No Variations]"
Add component (AddParameter): Name = "Datasheet Link"; Value = "http://www.ti.com/lit/gpn/max232?HQS=ti-null-null-sf-df-pf-sep-wwe&DCM=yes"; VariantName = "[No Variations]"
Add component (AddParameter): Name = "Height"; Value = "2.65mm"; VariantName = "[No Variations]"
Add component (AddParameter): Name = "Manufacturer_Name"; Value = "Texas Instruments"; VariantName = "[No Variations]"
Add component (AddParameter): Name = "Manufacturer_Part_Number"; Value = "MAX232IDWR"; VariantName = "[No Variations]"
Add component (AddParameter): Name = "Mouser Part Number"; Value = "595-MAX232IDWR"; VariantName = "[No Variations]"
Add component (AddParameter): Name = "Mouser Price/Stock"; Value = "https://www.mouser.co.uk/ProductDetail/Texas-Instruments/MAX232IDWR?qs=NLW4NjXEBS5p6v4OAKxw4g%3D%3D"; VariantName = "[No Variations]"
Added Component: Designator=IC2(SOIC127P600X175-8N)
Add component (AddParameter): Name = "Arrow Part Number"; Value = "MC33269D-5.0G"; VariantName = "[No Variations]"
Add component (AddParameter): Name = "Arrow Price/Stock"; Value = "https://www.arrow.com/en/products/mc33269d-5.0g/on-semiconductor?region=nac"; VariantName = "[No Variations]"
Add component (AddParameter): Name = "Datasheet Link"; Value = "http://www.onsemi.com/pub/Collateral/MC33269-D.PDF"; VariantName = "[No Variations]"
Add component (AddParameter): Name = "Height"; Value = "1.75mm"; VariantName = "[No Variations]"
Add component (AddParameter): Name = "Manufacturer_Name"; Value = "ON Semiconductor"; VariantName = "[No Variations]"
Add component (AddParameter): Name = "Manufacturer_Part_Number"; Value = "MC33269D-5.0G"; VariantName = "[No Variations]"
Add component (AddParameter): Name = "Mouser Part Number"; Value = "863-MC33269D-5.0G"; VariantName = "[No Variations]"
Add component (AddParameter): Name = "Mouser Price/Stock"; Value = "https://www.mouser.co.uk/ProductDetail/onsemi/MC33269D-50G?qs=dFKnUM%2FquJZ0YuZ%252B66PKCA%3D%3D"; VariantName = "[No Variations]"
Added Component: Designator=IC3(QFP80P1200X1200X120-44N)
Add component (AddParameter): Name = "Arrow Part Number"; Value = "ATMEGA32U4RC-AU"; VariantName = "[No Variations]"
Add component (AddParameter): Name = "Arrow Price/Stock"; Value = "https://www.arrow.com/en/products/atmega32u4rc-au/microchip-technology?region=nac"; VariantName = "[No Variations]"
Add component (AddParameter): Name = "Datasheet Link"; Value = "http://uk.rs-online.com/web/p/products/7380451"; VariantName = "[No Variations]"
Add component (AddParameter): Name = "Height"; Value = "1.2mm"; VariantName = "[No Variations]"
Add component (AddParameter): Name = "Manufacturer_Name"; Value = "Microchip"; VariantName = "[No Variations]"
Add component (AddParameter): Name = "Manufacturer_Part_Number"; Value = "ATMEGA32U4RC-AU"; VariantName = "[No Variations]"
Add component (AddParameter): Name = "Mouser Part Number"; Value = "556-ATMEGA32U4RC-AU"; VariantName = "[No Variations]"
Add component (AddParameter): Name = "Mouser Price/Stock"; Value = "https://www.mouser.co.uk/ProductDetail/Microchip-Technology-Atmel/ATMEGA32U4RC-AU?qs=7AReRZHh%2FSt%252BRqfzkW8%2FkA%3D%3D"; VariantName = "[No Variations]"
Added Component: Designator=OC1(SOP254P675X240-4N)
Add component (AddParameter): Name = "Arrow Part Number"; Value = ""; VariantName = "[No Variations]"
Add component (AddParameter): Name = "Arrow Price/Stock"; Value = ""; VariantName = "[No Variations]"
Add component (AddParameter): Name = "Datasheet Link"; Value = "https://www.onsemi.com/pub/Collateral/FODM2705-D.pdf"; VariantName = "[No Variations]"
Add component (AddParameter): Name = "Height"; Value = "2.4mm"; VariantName = "[No Variations]"
Add component (AddParameter): Name = "Manufacturer_Name"; Value = "ON Semiconductor"; VariantName = "[No Variations]"
Add component (AddParameter): Name = "Manufacturer_Part_Number"; Value = "FODM121GR4"; VariantName = "[No Variations]"
Add component (AddParameter): Name = "Mouser Part Number"; Value = "863-FODM121GR4"; VariantName = "[No Variations]"
Add component (AddParameter): Name = "Mouser Price/Stock"; Value = "https://www.mouser.co.uk/ProductDetail/onsemi/FODM121GR4?qs=byeeYqUIh0Okw76KHw6rZA%3D%3D"; VariantName = "[No Variations]"
Added Component: Designator=OC2(SOP254P675X240-4N)
Add component (AddParameter): Name = "Arrow Part Number"; Value = ""; VariantName = "[No Variations]"
Add component (AddParameter): Name = "Arrow Price/Stock"; Value = ""; VariantName = "[No Variations]"
Add component (AddParameter): Name = "Datasheet Link"; Value = "https://www.onsemi.com/pub/Collateral/FODM2705-D.pdf"; VariantName = "[No Variations]"
Add component (AddParameter): Name = "Height"; Value = "2.4mm"; VariantName = "[No Variations]"
Add component (AddParameter): Name = "Manufacturer_Name"; Value = "ON Semiconductor"; VariantName = "[No Variations]"
Add component (AddParameter): Name = "Manufacturer_Part_Number"; Value = "FODM121GR4"; VariantName = "[No Variations]"
Add component (AddParameter): Name = "Mouser Part Number"; Value = "863-FODM121GR4"; VariantName = "[No Variations]"
Add component (AddParameter): Name = "Mouser Price/Stock"; Value = "https://www.mouser.co.uk/ProductDetail/onsemi/FODM121GR4?qs=byeeYqUIh0Okw76KHw6rZA%3D%3D"; VariantName = "[No Variations]"
Added Component: Designator=R1(RESC1608X55N)
Added Component: Designator=R2(RESC1608X55N)
Added Component: Designator=R3(RESC1608X55N)
Added Pin To Net: NetName=M_GND Pin=*-1
Added Pin To Net: NetName=M_GND Pin=*-1
Added Pin To Net: NetName=M_GND Pin=*-1
Added Pin To Net: NetName=M_GND Pin=*-2
Added Pin To Net: NetName=M_GND Pin=C2-1
Added Pin To Net: NetName=M_GND Pin=C4-1
Added Pin To Net: NetName=M_GND Pin=C5-2
Added Pin To Net: NetName=M_GND Pin=IC1-15
Added Pin To Net: NetName=M_GND Pin=IC2-1
Added Pin To Net: NetName=M_GND Pin=IC2-5
Added Pin To Net: NetName=M_GND Pin=IC2-8
Added Pin To Net: NetName=M_GND Pin=IC3-15
Added Pin To Net: NetName=M_GND Pin=IC3-23
Added Pin To Net: NetName=M_GND Pin=IC3-35
Added Pin To Net: NetName=M_GND Pin=IC3-43
Added Pin To Net: NetName=M_GND Pin=OC2-2
Added Net: Name=M_GND
Added Pin To Net: NetName=M_Vcc Pin=*-1
Added Pin To Net: NetName=M_Vcc Pin=*-2
Added Pin To Net: NetName=M_Vcc Pin=*-2
Added Pin To Net: NetName=M_Vcc Pin=C5-1
Added Pin To Net: NetName=M_Vcc Pin=IC1-16
Added Pin To Net: NetName=M_Vcc Pin=IC2-2
Added Pin To Net: NetName=M_Vcc Pin=IC2-3
Added Pin To Net: NetName=M_Vcc Pin=IC2-6
Added Pin To Net: NetName=M_Vcc Pin=IC2-7
Added Pin To Net: NetName=M_Vcc Pin=IC3-14
Added Pin To Net: NetName=M_Vcc Pin=IC3-24
Added Pin To Net: NetName=M_Vcc Pin=IC3-34
Added Pin To Net: NetName=M_Vcc Pin=IC3-44
Added Pin To Net: NetName=M_Vcc Pin=R2-2
Added Net: Name=M_Vcc
Added Pin To Net: NetName=Net*_2 Pin=*-2
Added Pin To Net: NetName=Net*_2 Pin=IC2-4
Added Net: Name=Net*_2
Added Pin To Net: NetName=NetC1_1 Pin=C1-1
Added Pin To Net: NetName=NetC1_1 Pin=IC1-3
Added Net: Name=NetC1_1
Added Pin To Net: NetName=NetC1_2 Pin=C1-2
Added Pin To Net: NetName=NetC1_2 Pin=IC1-1
Added Net: Name=NetC1_2
Added Pin To Net: NetName=NetC2_2 Pin=C2-2
Added Pin To Net: NetName=NetC2_2 Pin=IC1-2
Added Net: Name=NetC2_2
Added Pin To Net: NetName=NetC3_1 Pin=C3-1
Added Pin To Net: NetName=NetC3_1 Pin=IC1-5
Added Net: Name=NetC3_1
Added Pin To Net: NetName=NetC3_2 Pin=C3-2
Added Pin To Net: NetName=NetC3_2 Pin=IC1-4
Added Net: Name=NetC3_2
Added Pin To Net: NetName=NetC4_2 Pin=C4-2
Added Pin To Net: NetName=NetC4_2 Pin=IC1-6
Added Net: Name=NetC4_2
Added Pin To Net: NetName=NetIC1_11 Pin=IC1-11
Added Pin To Net: NetName=NetIC1_11 Pin=IC3-21
Added Net: Name=NetIC1_11
Added Pin To Net: NetName=NetIC1_12 Pin=IC1-12
Added Pin To Net: NetName=NetIC1_12 Pin=IC3-20
Added Net: Name=NetIC1_12
Added Pin To Net: NetName=NetIC1_13 Pin=IC1-13
Added Net: Name=NetIC1_13
Added Pin To Net: NetName=NetIC1_14 Pin=IC1-14
Added Net: Name=NetIC1_14
Added Pin To Net: NetName=NetIC3_29 Pin=IC3-29
Added Pin To Net: NetName=NetIC3_29 Pin=R3-2
Added Net: Name=NetIC3_29
Added Pin To Net: NetName=NetIC3_30 Pin=IC3-30
Added Pin To Net: NetName=NetIC3_30 Pin=OC1-4
Added Pin To Net: NetName=NetIC3_30 Pin=R2-1
Added Net: Name=NetIC3_30
Added Pin To Net: NetName=NetOC1_2 Pin=OC1-2
Added Pin To Net: NetName=NetOC1_2 Pin=R1-2
Added Net: Name=NetOC1_2
Added Pin To Net: NetName=NetOC2_1 Pin=OC2-1
Added Pin To Net: NetName=NetOC2_1 Pin=R3-1
Added Net: Name=NetOC2_1
Added Pin To Net: NetName=NetOC2_4 Pin=OC2-4
Added Pin To Net: NetName=NetOC2_4 Pin=R1-1
Added Net: Name=NetOC2_4
Added Pin To Net: NetName=S_GND Pin=OC2-3
Added Net: Name=S_GND
Added Pin To Net: NetName=S_Vcc Pin=OC1-1
Added Net: Name=S_Vcc
Added Class: Name=Master_Schematik
